
Bookモデルのテスト
  バリデーションのテスト
    titleカラム
[32m      空欄でないこと[0m
    bodyカラム
[32m      空欄でないこと[0m
[32m      200文字以下であること: 200文字は〇[0m
[32m      200文字以下であること: 201文字は×[0m
  アソシエーションのテスト
    Userモデルとの関係
[32m      N:1となっている[0m

Userモデルのテスト
  バリデーションのテスト
    nameカラム
[32m      空欄でないこと[0m
[32m      2文字以上であること: 1文字は×[0m
[32m      2文字以上であること: 2文字は〇[0m
[32m      20文字以下であること: 20文字は〇[0m
[32m      20文字以下であること: 21文字は×[0m
[32m      一意性があること[0m
    introductionカラム
[32m      50文字以下であること: 50文字は〇[0m
[32m      50文字以下であること: 51文字は×[0m
  アソシエーションのテスト
    Bookモデルとの関係
[32m      1:Nとなっている[0m

[STEP1] ユーザログイン前のテスト
  トップ画面のテスト
    表示内容の確認
[32m      URLが正しい[0m
[32m      Log inリンクが表示される: 青色のボタンの表示が「Log in」である[0m
[32m      Log inリンクの内容が正しい[0m
[32m      Sign upリンクが表示される: 緑色のボタンの表示が「Sign up」である[0m
[32m      Sign upリンクの内容が正しい[0m
  アバウト画面のテスト
    表示内容の確認
[32m      URLが正しい[0m
  ヘッダーのテスト: ログインしていない場合
    表示内容の確認
[32m      Bookersリンクが表示される: 左上から1番目のリンクが「Bookers」である[0m
[32m      Homeリンクが表示される: 左上から2番目のリンクが「Home」である[0m
[32m      Aboutリンクが表示される: 左上から3番目のリンクが「About」である[0m
[32m      Sign upリンクが表示される: 左上から4番目のリンクが「Sign up」である[0m
[32m      Log inリンクが表示される: 左上から5番目のリンクが「Log in」である[0m
    リンクの内容を確認
[32m      Bookersを押すと、トップ画面に遷移する[0m
[32m      Homeを押すと、トップ画面に遷移する[0m
[32m      Aboutを押すと、アバウト画面に遷移する[0m
[32m      Sign upを押すと、新規登録画面に遷移する[0m
[32m      Log inを押すと、ログイン画面に遷移する[0m
  ユーザ新規登録のテスト
    表示内容の確認
[32m      URLが正しい[0m
[32m      「Sign up」と表示される[0m
[32m      nameフォームが表示される[0m
[32m      emailフォームが表示される[0m
[32m      passwordフォームが表示される[0m
[32m      password_confirmationフォームが表示される[0m
[32m      Sign upボタンが表示される[0m
    新規登録成功のテスト
[32m      正しく新規登録される[0m
[32m      新規登録後のリダイレクト先が、新規登録できたユーザの詳細画面になっている[0m
  ユーザログイン
    表示内容の確認
[32m      URLが正しい[0m
[32m      「Log in」と表示される[0m
[31m      nameフォームが表示される (FAILED - 1)[0m
[32m      passwordフォームが表示される[0m
[32m      Log inボタンが表示される[0m
[31m      emailフォームは表示されない (FAILED - 2)[0m
    ログイン成功のテスト
[31m      ログイン後のリダイレクト先が、ログインしたユーザの詳細画面になっている (FAILED - 3)[0m
    ログイン失敗のテスト
[31m      ログインに失敗し、ログイン画面にリダイレクトされる (FAILED - 4)[0m
  ヘッダーのテスト: ログインしている場合
    ヘッダーの表示を確認
[31m      Bookersリンクが表示される: 左上から1番目のリンクが「Bookers」である (FAILED - 5)[0m
[31m      Homeリンクが表示される: 左上から2番目のリンクが「Home」である (FAILED - 6)[0m
[31m      Usersリンクが表示される: 左上から3番目のリンクが「Users」である (FAILED - 7)[0m
[31m      Booksリンクが表示される: 左上から4番目のリンクが「Books」である (FAILED - 8)[0m
[31m      Log outリンクが表示される: 左上から5番目のリンクが「Log out」である (FAILED - 9)[0m
  ユーザログアウトのテスト
    ログアウト機能のテスト
[31m      正しくログアウトできている: ログアウト後のリダイレクト先においてAbout画面へのリンクが存在する (FAILED - 10)[0m
[31m      ログアウト後のリダイレクト先が、トップになっている (FAILED - 11)[0m

[STEP2] ユーザログイン後のテスト
  ヘッダーのテスト: ログインしている場合
    リンクの内容を確認: ※logoutは『ユーザログアウトのテスト』でテスト済みになります。
[31m      Homeを押すと、自分のユーザ詳細画面に遷移する (FAILED - 12)[0m
[31m      Usersを押すと、ユーザ一覧画面に遷移する (FAILED - 13)[0m
[31m      Booksを押すと、投稿一覧画面に遷移する (FAILED - 14)[0m
  投稿一覧画面のテスト
    表示内容の確認
[31m      URLが正しい (FAILED - 15)[0m
[31m      自分と他人の画像のリンク先が正しい (FAILED - 16)[0m
[31m      自分の投稿と他人の投稿のタイトルのリンク先がそれぞれ正しい (FAILED - 17)[0m
[31m      自分の投稿と他人の投稿のオピニオンが表示される (FAILED - 18)[0m
    サイドバーの確認
[31m      自分の名前と紹介文が表示される (FAILED - 19)[0m
[31m      自分のユーザ編集画面へのリンクが存在する (FAILED - 20)[0m
[31m      「New book」と表示される (FAILED - 21)[0m
[31m      titleフォームが表示される (FAILED - 22)[0m
[31m      titleフォームに値が入っていない (FAILED - 23)[0m
[31m      bodyフォームが表示される (FAILED - 24)[0m
[31m      bodyフォームに値が入っていない (FAILED - 25)[0m
[31m      Create Bookボタンが表示される (FAILED - 26)[0m
    投稿成功のテスト
[31m      自分の新しい投稿が正しく保存される (FAILED - 27)[0m
[31m      リダイレクト先が、保存できた投稿の詳細画面になっている (FAILED - 28)[0m
  自分の投稿詳細画面のテスト
    表示内容の確認
[31m      URLが正しい (FAILED - 29)[0m
[31m      「Book detail」と表示される (FAILED - 30)[0m
[31m      ユーザ画像・名前のリンク先が正しい (FAILED - 31)[0m
[31m      投稿のtitleが表示される (FAILED - 32)[0m
[31m      投稿のbodyが表示される (FAILED - 33)[0m
[31m      投稿の編集リンクが表示される (FAILED - 34)[0m
[31m      投稿の削除リンクが表示される (FAILED - 35)[0m
    サイドバーの確認
[31m      自分の名前と紹介文が表示される (FAILED - 36)[0m
[31m      自分のユーザ編集画面へのリンクが存在する (FAILED - 37)[0m
[31m      「New book」と表示される (FAILED - 38)[0m
[31m      titleフォームが表示される (FAILED - 39)[0m
[31m      titleフォームに値が入っていない (FAILED - 40)[0m
[31m      bodyフォームが表示される (FAILED - 41)[0m
[31m      bodyフォームに値が入っていない (FAILED - 42)[0m
[31m      Create Bookボタンが表示される (FAILED - 43)[0m
    投稿成功のテスト
[31m      自分の新しい投稿が正しく保存される (FAILED - 44)[0m
    編集リンクのテスト
[31m      編集画面に遷移する (FAILED - 45)[0m
    削除リンクのテスト
[31m      application.html.erbにjavascript_pack_tagを含んでいる (FAILED - 46)[0m
[31m      正しく削除される (FAILED - 47)[0m
[31m      リダイレクト先が、投稿一覧画面になっている (FAILED - 48)[0m
  自分の投稿編集画面のテスト
    表示の確認
[31m      URLが正しい (FAILED - 49)[0m
[31m      「Editing Book」と表示される (FAILED - 50)[0m
[31m      title編集フォームが表示される (FAILED - 51)[0m
[31m      body編集フォームが表示される (FAILED - 52)[0m
[31m      Update Bookボタンが表示される (FAILED - 53)[0m
[31m      Showリンクが表示される (FAILED - 54)[0m
[31m      Backリンクが表示される (FAILED - 55)[0m
    編集成功のテスト
[31m      titleが正しく更新される (FAILED - 56)[0m
[31m      bodyが正しく更新される (FAILED - 57)[0m
[31m      リダイレクト先が、更新した投稿の詳細画面になっている (FAILED - 58)[0m
  ユーザ一覧画面のテスト
    表示内容の確認
[31m      URLが正しい (FAILED - 59)[0m
[31m      自分と他人の画像が表示される: fallbackの画像がサイドバーの1つ＋一覧(2人)の2つの計3つ存在する (FAILED - 60)[0m
[31m      自分と他人の名前がそれぞれ表示される (FAILED - 61)[0m
[31m      自分と他人のshowリンクがそれぞれ表示される (FAILED - 62)[0m
    サイドバーの確認
[31m      自分の名前と紹介文が表示される (FAILED - 63)[0m
[31m      自分のユーザ編集画面へのリンクが存在する (FAILED - 64)[0m
[31m      「New book」と表示される (FAILED - 65)[0m
[31m      titleフォームが表示される (FAILED - 66)[0m
[31m      titleフォームに値が入っていない (FAILED - 67)[0m
[31m      bodyフォームが表示される (FAILED - 68)[0m
[31m      bodyフォームに値が入っていない (FAILED - 69)[0m
[31m      Create Bookボタンが表示される (FAILED - 70)[0m
  自分のユーザ詳細画面のテスト
    表示の確認
[31m      URLが正しい (FAILED - 71)[0m
[31m      投稿一覧のユーザ画像のリンク先が正しい (FAILED - 72)[0m
[31m      投稿一覧に自分の投稿のtitleが表示され、リンクが正しい (FAILED - 73)[0m
[31m      投稿一覧に自分の投稿のbodyが表示される (FAILED - 74)[0m
[31m      他人の投稿は表示されない (FAILED - 75)[0m
    サイドバーの確認
[31m      自分の名前と紹介文が表示される (FAILED - 76)[0m
[31m      自分のユーザ編集画面へのリンクが存在する (FAILED - 77)[0m
[31m      「New book」と表示される (FAILED - 78)[0m
[31m      titleフォームが表示される (FAILED - 79)[0m
[31m      titleフォームに値が入っていない (FAILED - 80)[0m
[31m      bodyフォームが表示される (FAILED - 81)[0m
[31m      bodyフォームに値が入っていない (FAILED - 82)[0m
[31m      Create Bookボタンが表示される (FAILED - 83)[0m
  自分のユーザ情報編集画面のテスト
    表示の確認
[31m      URLが正しい (FAILED - 84)[0m
[31m      名前編集フォームに自分の名前が表示される (FAILED - 85)[0m
[31m      画像編集フォームが表示される (FAILED - 86)[0m
[31m      自己紹介編集フォームに自分の自己紹介文が表示される (FAILED - 87)[0m
[31m      Update Userボタンが表示される (FAILED - 88)[0m
    更新成功のテスト
[31m      nameが正しく更新される (FAILED - 89)[0m
[31m      introductionが正しく更新される (FAILED - 90)[0m
[31m      リダイレクト先が、自分のユーザ詳細画面になっている (FAILED - 91)[0m

[STEP3] 仕上げのテスト
  サクセスメッセージのテスト
[32m    ユーザ新規登録成功時[0m
[31m    ユーザログイン成功時 (FAILED - 92)[0m
[31m    ユーザログアウト成功時 (FAILED - 93)[0m
[31m    ユーザのプロフィール情報更新成功時 (FAILED - 94)[0m
[31m    投稿データの新規投稿成功時: 投稿一覧画面から行います。 (FAILED - 95)[0m
[31m    投稿データの更新成功時 (FAILED - 96)[0m
  処理失敗時のテスト
    ユーザ新規登録失敗: nameを1文字にする
[32m      新規登録されない[0m
[32m      新規登録画面を表示しており、フォームの内容が正しい[0m
[32m      バリデーションエラーが表示される[0m
    ユーザのプロフィール情報編集失敗: nameを1文字にする
[31m      更新されない (FAILED - 97)[0m
[31m      ユーザ編集画面を表示しており、フォームの内容が正しい (FAILED - 98)[0m
[31m      バリデーションエラーが表示される (FAILED - 99)[0m
    投稿データの新規投稿失敗: 投稿一覧画面から行い、titleを空にする
[31m      投稿が保存されない (FAILED - 100)[0m
[31m      投稿一覧画面を表示している (FAILED - 101)[0m
[31m      新規投稿フォームの内容が正しい (FAILED - 102)[0m
[31m      バリデーションエラーが表示される (FAILED - 103)[0m
    投稿データの更新失敗: titleを空にする
[31m      投稿が更新されない (FAILED - 104)[0m
[31m      投稿編集画面を表示しており、フォームの内容が正しい (FAILED - 105)[0m
[31m      エラーメッセージが表示される (FAILED - 106)[0m
  ログインしていない場合のアクセス制限のテスト: アクセスできず、ログイン画面に遷移する
[32m    ユーザ一覧画面[0m
[32m    ユーザ詳細画面[0m
[31m    ユーザ情報編集画面 (FAILED - 107)[0m
[32m    投稿一覧画面[0m
[32m    投稿詳細画面[0m
[32m    投稿編集画面[0m
  他人の画面のテスト
    他人の投稿詳細画面のテスト
      表示内容の確認
[31m        URLが正しい (FAILED - 108)[0m
[31m        「Book detail」と表示される (FAILED - 109)[0m
[31m        ユーザ画像・名前のリンク先が正しい (FAILED - 110)[0m
[31m        投稿のtitleが表示される (FAILED - 111)[0m
[31m        投稿のopinionが表示される (FAILED - 112)[0m
[31m        投稿の編集リンクが表示されない (FAILED - 113)[0m
[31m        投稿の削除リンクが表示されない (FAILED - 114)[0m
      サイドバーの確認
[31m        他人の名前と紹介文が表示される (FAILED - 115)[0m
[31m        他人のユーザ編集画面へのリンクが存在する (FAILED - 116)[0m
[31m        自分の名前と紹介文は表示されない (FAILED - 117)[0m
[31m        自分のユーザ編集画面へのリンクは存在しない (FAILED - 118)[0m
    他人の投稿編集画面
[31m      遷移できず、投稿一覧画面にリダイレクトされる (FAILED - 119)[0m
    他人のユーザ詳細画面のテスト
      表示の確認
[31m        URLが正しい (FAILED - 120)[0m
[31m        投稿一覧のユーザ画像のリンク先が正しい (FAILED - 121)[0m
[31m        投稿一覧に他人の投稿のtitleが表示され、リンクが正しい (FAILED - 122)[0m
[31m        投稿一覧に他人の投稿のopinionが表示される (FAILED - 123)[0m
[31m        自分の投稿は表示されない (FAILED - 124)[0m
      サイドバーの確認
[31m        他人の名前と紹介文が表示される (FAILED - 125)[0m
[31m        他人のユーザ編集画面へのリンクが存在する (FAILED - 126)[0m
[31m        自分の名前と紹介文は表示されない (FAILED - 127)[0m
[31m        自分のユーザ編集画面へのリンクは存在しない (FAILED - 128)[0m
    他人のユーザ情報編集画面
[31m      遷移できず、自分のユーザ詳細画面にリダイレクトされる (FAILED - 129)[0m
  グリッドシステムのテスト: container, row, col-md-〇を正しく使えている
[31m    ユーザ一覧画面 (FAILED - 130)[0m
[31m    ユーザ詳細画面 (FAILED - 131)[0m
[31m    投稿一覧画面 (FAILED - 132)[0m
[31m    投稿詳細画面 (FAILED - 133)[0m
  アイコンのテスト
    トップ画面
[32m      本のアイコンが表示される[0m
    アバウト画面
[32m      本のアイコンが表示される[0m
    ヘッダー: ログインしていない場合
[32m      Homeリンクのアイコンが表示される[0m
[32m      Aboutリンクのアイコンが表示される[0m
[32m      Sign upリンクのアイコンが表示される[0m
[32m      Log inリンクのアイコンが表示される[0m
    ヘッダー: ログインしている場合
[31m      Homeリンクのアイコンが表示される (FAILED - 134)[0m
[31m      Usersリンクのアイコンが表示される (FAILED - 135)[0m
[31m      Booksリンクのアイコンが表示される (FAILED - 136)[0m
[31m      Log outリンクのアイコンが表示される (FAILED - 137)[0m
    サイドバー
[31m      ユーザ一覧画面でレンチアイコンが表示される (FAILED - 138)[0m
[31m      ユーザ詳細画面でレンチアイコンが表示される (FAILED - 139)[0m
[31m      投稿一覧画面でレンチアイコンが表示される (FAILED - 140)[0m
[31m      投稿詳細画面でレンチアイコンが表示される (FAILED - 141)[0m
